{
  "RSpec": {
    "coverage": {
      "/Users/charissalawrence/Documents/Turing/Module3_pt2/are_they_okay/app/helpers/answers_helper.rb": [
        1,
        null
      ],
      "/Users/charissalawrence/Documents/Turing/Module3_pt2/are_they_okay/app/helpers/application_helper.rb": [
        1,
        null
      ],
      "/Users/charissalawrence/Documents/Turing/Module3_pt2/are_they_okay/app/helpers/episodes_helper.rb": [
        1,
        null
      ],
      "/Users/charissalawrence/Documents/Turing/Module3_pt2/are_they_okay/app/helpers/home_helper.rb": [
        1,
        null
      ],
      "/Users/charissalawrence/Documents/Turing/Module3_pt2/are_they_okay/app/helpers/sessions_helper.rb": [
        1,
        null
      ],
      "/Users/charissalawrence/Documents/Turing/Module3_pt2/are_they_okay/app/helpers/survey_helper.rb": [
        1,
        null
      ],
      "/Users/charissalawrence/Documents/Turing/Module3_pt2/are_they_okay/app/models/user.rb": [
        1,
        1,
        1,
        null,
        1,
        0,
        0,
        0,
        null,
        null,
        1,
        0,
        null,
        null,
        null
      ],
      "/Users/charissalawrence/Documents/Turing/Module3_pt2/are_they_okay/app/controllers/application_controller.rb": [
        1,
        null,
        null,
        1,
        null,
        1,
        null,
        1,
        0,
        null,
        null,
        null,
        null,
        null,
        null
      ],
      "/Users/charissalawrence/Documents/Turing/Module3_pt2/are_they_okay/app/models/illness.rb": [
        1,
        1,
        1,
        1,
        1,
        null,
        1,
        1,
        1,
        1,
        1,
        null,
        1,
        1,
        4,
        4,
        2,
        null,
        2,
        null,
        null,
        1,
        null,
        null
      ],
      "/Users/charissalawrence/Documents/Turing/Module3_pt2/are_they_okay/app/models/question.rb": [
        1,
        1,
        1,
        1,
        1,
        null,
        null
      ],
      "/Users/charissalawrence/Documents/Turing/Module3_pt2/are_they_okay/app/models/illness_question.rb": [
        1,
        1,
        1,
        null,
        null
      ],
      "/Users/charissalawrence/Documents/Turing/Module3_pt2/are_they_okay/app/models/answer.rb": [
        1,
        null,
        1,
        1,
        null,
        1,
        null,
        0,
        null,
        null,
        null,
        null,
        null,
        null,
        null,
        null,
        null,
        null,
        null,
        null,
        null,
        null,
        null,
        null,
        null,
        null,
        null,
        null,
        null,
        null,
        null,
        null,
        null,
        null,
        null
      ],
      "/Users/charissalawrence/Documents/Turing/Module3_pt2/are_they_okay/app/controllers/results_controller.rb": [
        1,
        null,
        1,
        1,
        null,
        null,
        null
      ],
      "/Users/charissalawrence/Documents/Turing/Module3_pt2/are_they_okay/app/controllers/episodes_controller.rb": [
        1,
        null,
        1,
        1,
        null,
        null,
        null
      ],
      "/Users/charissalawrence/Documents/Turing/Module3_pt2/are_they_okay/app/services/api_service.rb": [
        null,
        null,
        1,
        null,
        1,
        null,
        null,
        1,
        null,
        null,
        null,
        null,
        null,
        1,
        null,
        null,
        1,
        0,
        null,
        null,
        1,
        0,
        null,
        null,
        1,
        1,
        1,
        2,
        2,
        2,
        0,
        null,
        2,
        0,
        null,
        null,
        null,
        null,
        null,
        null
      ],
      "/Users/charissalawrence/Documents/Turing/Module3_pt2/are_they_okay/app/services/audiosearch.rb": [
        null,
        null,
        null,
        null,
        null,
        null,
        1,
        1,
        1,
        1,
        1,
        null,
        1,
        null,
        1,
        1,
        null,
        null,
        null,
        null,
        1,
        1,
        null,
        2,
        null,
        0,
        null,
        null,
        null,
        null,
        null,
        0,
        null,
        null,
        null,
        null,
        1,
        null,
        1,
        1,
        1,
        1,
        1,
        1,
        1,
        null,
        1,
        1,
        null,
        null,
        1,
        null,
        1,
        1,
        1,
        1,
        1,
        1,
        1,
        1,
        1,
        1,
        null,
        null,
        1,
        null,
        null,
        1,
        1,
        null,
        0,
        null,
        1,
        0,
        null,
        null,
        1,
        null,
        null,
        null,
        1,
        1,
        null,
        null,
        null,
        null,
        null,
        null,
        null,
        null,
        null,
        1,
        1,
        1,
        1,
        null,
        null,
        1,
        1,
        null,
        null,
        1,
        null,
        null,
        1,
        null,
        null,
        1,
        1,
        1,
        null,
        null,
        null,
        null,
        null,
        null,
        null,
        null,
        1,
        null,
        null,
        1,
        1,
        3,
        1,
        1,
        null,
        0,
        null,
        1,
        1,
        1,
        null,
        null,
        1,
        null,
        null,
        1,
        2,
        2,
        2,
        2,
        null,
        null,
        1,
        0,
        0,
        null,
        null,
        1,
        0,
        0,
        null,
        null,
        1,
        2,
        2,
        null,
        null,
        1,
        0,
        0,
        null,
        null,
        1,
        0,
        0,
        0,
        0,
        null,
        null,
        1,
        0,
        0,
        null,
        null,
        1,
        0,
        0,
        0,
        null,
        null,
        null,
        null,
        null,
        1,
        null,
        1,
        null,
        1,
        2,
        null,
        null,
        null,
        null,
        2,
        2,
        2,
        null,
        null,
        null,
        null,
        1,
        0,
        null,
        null,
        1,
        2,
        null,
        null,
        1,
        2,
        2,
        null,
        0,
        null,
        null,
        null,
        1,
        0,
        0,
        null,
        0,
        null,
        null,
        null,
        null,
        null,
        null
      ],
      "/Users/charissalawrence/Documents/Turing/Module3_pt2/are_they_okay/app/controllers/answers_controller.rb": [
        0,
        0,
        0,
        0,
        0,
        0,
        0,
        0,
        0,
        0
      ],
      "/Users/charissalawrence/Documents/Turing/Module3_pt2/are_they_okay/app/controllers/home_controller.rb": [
        0,
        0,
        0,
        0
      ],
      "/Users/charissalawrence/Documents/Turing/Module3_pt2/are_they_okay/app/controllers/sessions_controller.rb": [
        0,
        0,
        0,
        0,
        0,
        0,
        0,
        0,
        0,
        0,
        0,
        0,
        0,
        0,
        0,
        0,
        0,
        0,
        0,
        0,
        0,
        0,
        0,
        0,
        0
      ],
      "/Users/charissalawrence/Documents/Turing/Module3_pt2/are_they_okay/app/controllers/surveys_controller.rb": [
        0,
        0,
        0,
        0,
        0,
        0,
        0,
        0,
        0,
        0,
        0
      ],
      "/Users/charissalawrence/Documents/Turing/Module3_pt2/are_they_okay/app/models/symptom.rb": [
        0,
        0,
        0
      ]
    },
    "timestamp": 1463362706
  }
}
