{
  "RSpec": {
    "coverage": {
      "/Users/charissalawrence/Documents/Turing/Module3_pt2/are_they_okay/app/helpers/answers_helper.rb": [
        1,
        null
      ],
      "/Users/charissalawrence/Documents/Turing/Module3_pt2/are_they_okay/app/helpers/application_helper.rb": [
        1,
        null
      ],
      "/Users/charissalawrence/Documents/Turing/Module3_pt2/are_they_okay/app/helpers/episodes_helper.rb": [
        1,
        null
      ],
      "/Users/charissalawrence/Documents/Turing/Module3_pt2/are_they_okay/app/helpers/home_helper.rb": [
        1,
        null
      ],
      "/Users/charissalawrence/Documents/Turing/Module3_pt2/are_they_okay/app/helpers/sessions_helper.rb": [
        1,
        null
      ],
      "/Users/charissalawrence/Documents/Turing/Module3_pt2/are_they_okay/app/helpers/survey_helper.rb": [
        1,
        null
      ],
      "/Users/charissalawrence/Documents/Turing/Module3_pt2/are_they_okay/app/controllers/answers_controller.rb": [
        1,
        1,
        null,
        null,
        1,
        12,
        12,
        12,
        null,
        null
      ],
      "/Users/charissalawrence/Documents/Turing/Module3_pt2/are_they_okay/app/controllers/application_controller.rb": [
        1,
        null,
        null,
        1,
        1,
        null,
        1,
        null,
        1,
        25,
        null,
        null,
        1,
        57,
        4,
        4,
        null,
        null,
        null,
        1,
        null,
        1,
        57,
        null,
        null,
        1,
        57,
        null,
        null
      ],
      "/Users/charissalawrence/Documents/Turing/Module3_pt2/are_they_okay/app/controllers/episodes_controller.rb": [
        1,
        null,
        1,
        1,
        null,
        null,
        1,
        0,
        null,
        null,
        null
      ],
      "/Users/charissalawrence/Documents/Turing/Module3_pt2/are_they_okay/app/controllers/home_controller.rb": [
        1,
        1,
        null,
        null
      ],
      "/Users/charissalawrence/Documents/Turing/Module3_pt2/are_they_okay/app/models/answer.rb": [
        1,
        null,
        1,
        1,
        null,
        1,
        null,
        0,
        null,
        null,
        null,
        null,
        null,
        null,
        null,
        null,
        null,
        null,
        null,
        null,
        null,
        null,
        null,
        null,
        null,
        null,
        null,
        null,
        null,
        null,
        null,
        null,
        null,
        null,
        null
      ],
      "/Users/charissalawrence/Documents/Turing/Module3_pt2/are_they_okay/app/models/illness_question.rb": [
        1,
        1,
        1,
        null,
        null
      ],
      "/Users/charissalawrence/Documents/Turing/Module3_pt2/are_they_okay/app/models/illness.rb": [
        1,
        1,
        1,
        1,
        1,
        null,
        1,
        null,
        5,
        5,
        5,
        5,
        null,
        5,
        5,
        12,
        12,
        4,
        null,
        8,
        null,
        null,
        5,
        null,
        null
      ],
      "/Users/charissalawrence/Documents/Turing/Module3_pt2/are_they_okay/app/models/question.rb": [
        1,
        1,
        1,
        1,
        1,
        null,
        null
      ],
      "/Users/charissalawrence/Documents/Turing/Module3_pt2/are_they_okay/app/models/role.rb": [
        1,
        1,
        1,
        null
      ],
      "/Users/charissalawrence/Documents/Turing/Module3_pt2/are_they_okay/app/models/symptom.rb": [
        1,
        1,
        null
      ],
      "/Users/charissalawrence/Documents/Turing/Module3_pt2/are_they_okay/app/models/user_role.rb": [
        1,
        1,
        1,
        null
      ],
      "/Users/charissalawrence/Documents/Turing/Module3_pt2/are_they_okay/app/models/user.rb": [
        1,
        1,
        1,
        1,
        1,
        null,
        1,
        57,
        null,
        null,
        1,
        57,
        null,
        null,
        1,
        3,
        3,
        3,
        null,
        null,
        1,
        1,
        null,
        null,
        null
      ],
      "/Users/charissalawrence/Documents/Turing/Module3_pt2/are_they_okay/app/services/permission.rb": [
        1,
        null,
        1,
        1,
        null,
        1,
        57,
        57,
        57,
        null,
        null,
        1,
        null,
        null,
        0,
        null,
        45,
        null,
        12,
        57,
        null,
        null,
        1,
        null,
        1,
        0,
        null,
        null,
        1,
        169,
        null,
        null,
        1,
        53,
        null,
        null,
        1,
        45,
        40,
        22,
        15,
        13,
        1,
        null,
        null,
        1,
        12,
        11,
        10,
        null,
        null
      ],
      "/Users/charissalawrence/Documents/Turing/Module3_pt2/are_they_okay/app/controllers/surveys_controller.rb": [
        1,
        null,
        1,
        19,
        19,
        19,
        null,
        0,
        null,
        null,
        null
      ],
      "/Users/charissalawrence/Documents/Turing/Module3_pt2/are_they_okay/app/controllers/sessions_controller.rb": [
        1,
        1,
        1,
        0,
        0,
        0,
        null,
        1,
        1,
        null,
        1,
        1,
        1,
        1,
        null,
        0,
        null,
        null,
        0,
        null,
        null,
        null,
        1,
        2,
        2,
        2,
        null,
        null
      ],
      "/Users/charissalawrence/Documents/Turing/Module3_pt2/are_they_okay/app/controllers/results_controller.rb": [
        1,
        null,
        1,
        5,
        null,
        null,
        null
      ],
      "/Users/charissalawrence/Documents/Turing/Module3_pt2/are_they_okay/app/services/api_service.rb": [
        null,
        null,
        1,
        null,
        1,
        null,
        null,
        1,
        null,
        null,
        null,
        null,
        null,
        1,
        null,
        null,
        1,
        0,
        null,
        null,
        1,
        0,
        null,
        null,
        1,
        0,
        0,
        0,
        null,
        0,
        0,
        null,
        null,
        null,
        1,
        1,
        1,
        1,
        2,
        2,
        2,
        0,
        null,
        2,
        20,
        null,
        null,
        1,
        null,
        null,
        null
      ],
      "/Users/charissalawrence/Documents/Turing/Module3_pt2/are_they_okay/app/services/audiosearch.rb": [
        null,
        null,
        null,
        null,
        null,
        null,
        1,
        1,
        1,
        1,
        1,
        null,
        1,
        null,
        1,
        1,
        null,
        null,
        null,
        null,
        1,
        1,
        null,
        2,
        null,
        0,
        null,
        null,
        null,
        null,
        null,
        0,
        null,
        null,
        null,
        null,
        1,
        null,
        1,
        1,
        1,
        1,
        1,
        1,
        1,
        null,
        1,
        1,
        null,
        null,
        1,
        null,
        1,
        1,
        1,
        1,
        1,
        1,
        1,
        1,
        1,
        1,
        null,
        null,
        1,
        null,
        null,
        1,
        1,
        null,
        0,
        null,
        1,
        0,
        null,
        null,
        1,
        null,
        null,
        null,
        1,
        1,
        null,
        null,
        null,
        null,
        null,
        null,
        null,
        null,
        null,
        1,
        1,
        1,
        1,
        null,
        null,
        1,
        1,
        null,
        null,
        1,
        null,
        null,
        1,
        null,
        null,
        1,
        1,
        1,
        null,
        null,
        null,
        null,
        null,
        null,
        null,
        null,
        1,
        null,
        null,
        1,
        1,
        3,
        1,
        1,
        null,
        0,
        null,
        1,
        1,
        1,
        null,
        null,
        1,
        null,
        null,
        1,
        2,
        2,
        2,
        2,
        null,
        null,
        1,
        0,
        0,
        null,
        null,
        1,
        0,
        0,
        null,
        null,
        1,
        2,
        2,
        null,
        null,
        1,
        0,
        0,
        null,
        null,
        1,
        0,
        0,
        0,
        0,
        null,
        null,
        1,
        0,
        0,
        null,
        null,
        1,
        0,
        0,
        0,
        null,
        null,
        null,
        null,
        null,
        1,
        null,
        1,
        null,
        1,
        2,
        null,
        null,
        null,
        null,
        2,
        2,
        2,
        null,
        null,
        null,
        null,
        1,
        0,
        null,
        null,
        1,
        2,
        null,
        null,
        1,
        2,
        2,
        null,
        0,
        null,
        null,
        null,
        1,
        0,
        0,
        null,
        0,
        null,
        null,
        null,
        null,
        null,
        null
      ]
    },
    "timestamp": 1463624643
  }
}
